[DEBUG] 16/Mar/2012:22:10:00 -0600 - M:applogs, P:12761, T:140732117321472, MSG:RUN_MAIN=true
HTTP_COOKIE=openid_provider=claimid; id_token=; sessionid=77013835fe861c6967e538a81547d734; csrftoken=2981ef7cb8d05bf7334249047a973b0a
SERVER_PROTOCOL=HTTP/1.1
SERVER_SOFTWARE=WSGIServer/0.1 Python/2.6.6
SCRIPT_NAME=
SSH_CLIENT=192.168.2.1 49507 22
REQUEST_METHOD=GET
LOGNAME=hdknr
USER=hdknr
HOME=/home/hdknr
QUERY_STRING=logger=sys
PATH=/home/hdknr/ve/docs/bin:/home/hdknr/bin:/usr/local/bin:/usr/bin:/bin:/usr/local/games:/usr/games
PS1=(docs)${debian_chroot:+($debian_chroot)}\u@\h:\w\$ 
PORT=8900
GITHUB_API_TOKEN=d6806388fb414a08eb83584078d1470f
SSH_CONNECTION=192.168.2.1 54527 192.168.2.220 22
LANG=ja_JP.UTF-8
HTTP_ACCEPT_CHARSET=Shift_JIS,utf-8;q=0.7,*;q=0.3
TERM=screen
SHELL=/bin/bash
TZ=America/Chicago
SERVER_NAME=sqg.em.local
REMOTE_ADDR=192.168.2.1
SHLVL=2
CSRF_COOKIE=2981ef7cb8d05bf7334249047a973b0a
PWD=/home/hdknr/ve/docs/src/hdknr.github.com/src/django/app
wsgi.url_scheme=http
SERVER_PORT=8900
CONTENT_LENGTH=
GREP_COLOR=1;33
WORKON_HOME=/home/hdknr/ve
wsgi.file_wrapper=<class 'django.core.servers.basehttp.FileWrapper'>
DBROOT_PASSWD=hdknr
DBROOT_USER=root
VIRTUAL_ENV=/home/hdknr/ve/docs
TMUX=/var/run//tmux/tmux-1000/default,2130,1
GITHUB_API_USER=hdknr
wsgi.input=<socket._fileobject object at 0x165c750>
HTTP_USER_AGENT=Mozilla/5.0 (Macintosh; Intel Mac OS X 10_6_8) AppleWebKit/535.11 (KHTML, like Gecko) Chrome/17.0.963.79 Safari/535.11
HTTP_HOST=sqg:8900
wsgi.multithread=True
HTTP_CONNECTION=keep-alive
HTTP_CACHE_CONTROL=max-age=0
_=/home/hdknr/ve/docs/bin/python
VIRTUALENVWRAPPER_LOG_DIR=/home/hdknr/ve
HTTP_ACCEPT=text/html,application/xhtml+xml,application/xml;q=0.9,*/*;q=0.8
GREP_OPTIONS=--color=auto -H -n
wsgi.version=(1, 0)
VIRTUALENVWRAPPER_HOOK_DIR=/home/hdknr/ve
GATEWAY_INTERFACE=CGI/1.1
wsgi.run_once=False
SSH_TTY=/dev/pts/0
OLDPWD=/home/hdknr/ve/docs/src/hdknr.github.com/src/django
wsgi.multiprocess=False
HTTP_ACCEPT_LANGUAGE=ja,en-US;q=0.8,en;q=0.6
wsgi.errors=<open file '<stderr>', mode 'w' at 0x7ffec1e941e0>
APP_LOGGER=sys
DJANGO_SETTINGS_MODULE=app.settings
CONTENT_TYPE=text/plain
MYSQL_ROOT_PWD=hdknr
MAIL=/var/mail/hdknr
LS_COLORS=rs=0:di=01;34:ln=01;36:mh=00:pi=40;33:so=01;35:do=01;35:bd=40;33;01:cd=40;33;01:or=40;31;01:su=37;41:sg=30;43:ca=30;41:tw=30;42:ow=34;42:st=37;44:ex=01;32:*.tar=01;31:*.tgz=01;31:*.arj=01;31:*.taz=01;31:*.lzh=01;31:*.lzma=01;31:*.tlz=01;31:*.txz=01;31:*.zip=01;31:*.z=01;31:*.Z=01;31:*.dz=01;31:*.gz=01;31:*.lz=01;31:*.xz=01;31:*.bz2=01;31:*.bz=01;31:*.tbz=01;31:*.tbz2=01;31:*.tz=01;31:*.deb=01;31:*.rpm=01;31:*.jar=01;31:*.rar=01;31:*.ace=01;31:*.zoo=01;31:*.cpio=01;31:*.7z=01;31:*.rz=01;31:*.jpg=01;35:*.jpeg=01;35:*.gif=01;35:*.bmp=01;35:*.pbm=01;35:*.pgm=01;35:*.ppm=01;35:*.tga=01;35:*.xbm=01;35:*.xpm=01;35:*.tif=01;35:*.tiff=01;35:*.png=01;35:*.svg=01;35:*.svgz=01;35:*.mng=01;35:*.pcx=01;35:*.mov=01;35:*.mpg=01;35:*.mpeg=01;35:*.m2v=01;35:*.mkv=01;35:*.ogm=01;35:*.mp4=01;35:*.m4v=01;35:*.mp4v=01;35:*.vob=01;35:*.qt=01;35:*.nuv=01;35:*.wmv=01;35:*.asf=01;35:*.rm=01;35:*.rmvb=01;35:*.flc=01;35:*.avi=01;35:*.fli=01;35:*.flv=01;35:*.gl=01;35:*.dl=01;35:*.xcf=01;35:*.xwd=01;35:*.yuv=01;35:*.cgm=01;35:*.emf=01;35:*.axv=01;35:*.anx=01;35:*.ogv=01;35:*.ogx=01;35:*.aac=00;36:*.au=00;36:*.flac=00;36:*.mid=00;36:*.midi=00;36:*.mka=00;36:*.mp3=00;36:*.mpc=00;36:*.ogg=00;36:*.ra=00;36:*.wav=00;36:*.axa=00;36:*.oga=00;36:*.spx=00;36:*.xspf=00;36:
REMOTE_HOST=
HTTP_ACCEPT_ENCODING=gzip,deflate,sdch
PATH_INFO=/
[DEBUG] 16/Mar/2012:22:10:00 -0600 - M:applogs, P:12761, T:140732117321472, MSG:RUN_MAIN=true
HTTP_COOKIE=openid_provider=claimid; id_token=; sessionid=77013835fe861c6967e538a81547d734; csrftoken=2981ef7cb8d05bf7334249047a973b0a
SERVER_PROTOCOL=HTTP/1.1
SERVER_SOFTWARE=WSGIServer/0.1 Python/2.6.6
SCRIPT_NAME=
SSH_CLIENT=192.168.2.1 49507 22
REQUEST_METHOD=GET
LOGNAME=hdknr
USER=hdknr
HOME=/home/hdknr
QUERY_STRING=
PATH=/home/hdknr/ve/docs/bin:/home/hdknr/bin:/usr/local/bin:/usr/bin:/bin:/usr/local/games:/usr/games
PS1=(docs)${debian_chroot:+($debian_chroot)}\u@\h:\w\$ 
PORT=8900
GITHUB_API_TOKEN=d6806388fb414a08eb83584078d1470f
SSH_CONNECTION=192.168.2.1 54527 192.168.2.220 22
LANG=ja_JP.UTF-8
HTTP_ACCEPT_CHARSET=Shift_JIS,utf-8;q=0.7,*;q=0.3
TERM=screen
SHELL=/bin/bash
TZ=America/Chicago
SERVER_NAME=sqg.em.local
REMOTE_ADDR=192.168.2.1
SHLVL=2
CSRF_COOKIE=2981ef7cb8d05bf7334249047a973b0a
PWD=/home/hdknr/ve/docs/src/hdknr.github.com/src/django/app
wsgi.url_scheme=http
SERVER_PORT=8900
CONTENT_LENGTH=
GREP_COLOR=1;33
WORKON_HOME=/home/hdknr/ve
wsgi.file_wrapper=<class 'django.core.servers.basehttp.FileWrapper'>
DBROOT_PASSWD=hdknr
DBROOT_USER=root
VIRTUAL_ENV=/home/hdknr/ve/docs
TMUX=/var/run//tmux/tmux-1000/default,2130,1
GITHUB_API_USER=hdknr
wsgi.input=<socket._fileobject object at 0x165c7d0>
HTTP_USER_AGENT=Mozilla/5.0 (Macintosh; Intel Mac OS X 10_6_8) AppleWebKit/535.11 (KHTML, like Gecko) Chrome/17.0.963.79 Safari/535.11
HTTP_HOST=sqg:8900
wsgi.multithread=True
HTTP_CONNECTION=keep-alive
_=/home/hdknr/ve/docs/bin/python
VIRTUALENVWRAPPER_LOG_DIR=/home/hdknr/ve
HTTP_ACCEPT=*/*
GREP_OPTIONS=--color=auto -H -n
wsgi.version=(1, 0)
VIRTUALENVWRAPPER_HOOK_DIR=/home/hdknr/ve
GATEWAY_INTERFACE=CGI/1.1
wsgi.run_once=False
SSH_TTY=/dev/pts/0
OLDPWD=/home/hdknr/ve/docs/src/hdknr.github.com/src/django
wsgi.multiprocess=False
HTTP_ACCEPT_LANGUAGE=ja,en-US;q=0.8,en;q=0.6
wsgi.errors=<open file '<stderr>', mode 'w' at 0x7ffec1e941e0>
APP_LOGGER=sys
DJANGO_SETTINGS_MODULE=app.settings
CONTENT_TYPE=text/plain
MYSQL_ROOT_PWD=hdknr
MAIL=/var/mail/hdknr
LS_COLORS=rs=0:di=01;34:ln=01;36:mh=00:pi=40;33:so=01;35:do=01;35:bd=40;33;01:cd=40;33;01:or=40;31;01:su=37;41:sg=30;43:ca=30;41:tw=30;42:ow=34;42:st=37;44:ex=01;32:*.tar=01;31:*.tgz=01;31:*.arj=01;31:*.taz=01;31:*.lzh=01;31:*.lzma=01;31:*.tlz=01;31:*.txz=01;31:*.zip=01;31:*.z=01;31:*.Z=01;31:*.dz=01;31:*.gz=01;31:*.lz=01;31:*.xz=01;31:*.bz2=01;31:*.bz=01;31:*.tbz=01;31:*.tbz2=01;31:*.tz=01;31:*.deb=01;31:*.rpm=01;31:*.jar=01;31:*.rar=01;31:*.ace=01;31:*.zoo=01;31:*.cpio=01;31:*.7z=01;31:*.rz=01;31:*.jpg=01;35:*.jpeg=01;35:*.gif=01;35:*.bmp=01;35:*.pbm=01;35:*.pgm=01;35:*.ppm=01;35:*.tga=01;35:*.xbm=01;35:*.xpm=01;35:*.tif=01;35:*.tiff=01;35:*.png=01;35:*.svg=01;35:*.svgz=01;35:*.mng=01;35:*.pcx=01;35:*.mov=01;35:*.mpg=01;35:*.mpeg=01;35:*.m2v=01;35:*.mkv=01;35:*.ogm=01;35:*.mp4=01;35:*.m4v=01;35:*.mp4v=01;35:*.vob=01;35:*.qt=01;35:*.nuv=01;35:*.wmv=01;35:*.asf=01;35:*.rm=01;35:*.rmvb=01;35:*.flc=01;35:*.avi=01;35:*.fli=01;35:*.flv=01;35:*.gl=01;35:*.dl=01;35:*.xcf=01;35:*.xwd=01;35:*.yuv=01;35:*.cgm=01;35:*.emf=01;35:*.axv=01;35:*.anx=01;35:*.ogv=01;35:*.ogx=01;35:*.aac=00;36:*.au=00;36:*.flac=00;36:*.mid=00;36:*.midi=00;36:*.mka=00;36:*.mp3=00;36:*.mpc=00;36:*.ogg=00;36:*.ra=00;36:*.wav=00;36:*.axa=00;36:*.oga=00;36:*.spx=00;36:*.xspf=00;36:
REMOTE_HOST=
HTTP_ACCEPT_ENCODING=gzip,deflate,sdch
PATH_INFO=/favicon.ico
[DEBUG] 16/Mar/2012:22:10:03 -0600 - M:applogs, P:12761, T:140732117321472, MSG:RUN_MAIN=true
HTTP_COOKIE=openid_provider=claimid; id_token=; sessionid=77013835fe861c6967e538a81547d734; csrftoken=2981ef7cb8d05bf7334249047a973b0a
SERVER_PROTOCOL=HTTP/1.1
SERVER_SOFTWARE=WSGIServer/0.1 Python/2.6.6
SCRIPT_NAME=
SSH_CLIENT=192.168.2.1 49507 22
REQUEST_METHOD=GET
LOGNAME=hdknr
USER=hdknr
HOME=/home/hdknr
QUERY_STRING=logger=sys
PATH=/home/hdknr/ve/docs/bin:/home/hdknr/bin:/usr/local/bin:/usr/bin:/bin:/usr/local/games:/usr/games
PS1=(docs)${debian_chroot:+($debian_chroot)}\u@\h:\w\$ 
PORT=8900
GITHUB_API_TOKEN=d6806388fb414a08eb83584078d1470f
SSH_CONNECTION=192.168.2.1 54527 192.168.2.220 22
LANG=ja_JP.UTF-8
HTTP_ACCEPT_CHARSET=Shift_JIS,utf-8;q=0.7,*;q=0.3
TERM=screen
SHELL=/bin/bash
TZ=America/Chicago
SERVER_NAME=sqg.em.local
REMOTE_ADDR=192.168.2.1
SHLVL=2
CSRF_COOKIE=2981ef7cb8d05bf7334249047a973b0a
PWD=/home/hdknr/ve/docs/src/hdknr.github.com/src/django/app
wsgi.url_scheme=http
SERVER_PORT=8900
CONTENT_LENGTH=
GREP_COLOR=1;33
WORKON_HOME=/home/hdknr/ve
wsgi.file_wrapper=<class 'django.core.servers.basehttp.FileWrapper'>
DBROOT_PASSWD=hdknr
DBROOT_USER=root
VIRTUAL_ENV=/home/hdknr/ve/docs
TMUX=/var/run//tmux/tmux-1000/default,2130,1
GITHUB_API_USER=hdknr
wsgi.input=<socket._fileobject object at 0x167bb50>
HTTP_USER_AGENT=Mozilla/5.0 (Macintosh; Intel Mac OS X 10_6_8) AppleWebKit/535.11 (KHTML, like Gecko) Chrome/17.0.963.79 Safari/535.11
HTTP_HOST=sqg:8900
wsgi.multithread=True
HTTP_CONNECTION=keep-alive
HTTP_CACHE_CONTROL=max-age=0
_=/home/hdknr/ve/docs/bin/python
VIRTUALENVWRAPPER_LOG_DIR=/home/hdknr/ve
HTTP_ACCEPT=text/html,application/xhtml+xml,application/xml;q=0.9,*/*;q=0.8
GREP_OPTIONS=--color=auto -H -n
wsgi.version=(1, 0)
VIRTUALENVWRAPPER_HOOK_DIR=/home/hdknr/ve
GATEWAY_INTERFACE=CGI/1.1
wsgi.run_once=False
SSH_TTY=/dev/pts/0
OLDPWD=/home/hdknr/ve/docs/src/hdknr.github.com/src/django
wsgi.multiprocess=False
HTTP_ACCEPT_LANGUAGE=ja,en-US;q=0.8,en;q=0.6
wsgi.errors=<open file '<stderr>', mode 'w' at 0x7ffec1e941e0>
APP_LOGGER=sys
DJANGO_SETTINGS_MODULE=app.settings
CONTENT_TYPE=text/plain
MYSQL_ROOT_PWD=hdknr
MAIL=/var/mail/hdknr
LS_COLORS=rs=0:di=01;34:ln=01;36:mh=00:pi=40;33:so=01;35:do=01;35:bd=40;33;01:cd=40;33;01:or=40;31;01:su=37;41:sg=30;43:ca=30;41:tw=30;42:ow=34;42:st=37;44:ex=01;32:*.tar=01;31:*.tgz=01;31:*.arj=01;31:*.taz=01;31:*.lzh=01;31:*.lzma=01;31:*.tlz=01;31:*.txz=01;31:*.zip=01;31:*.z=01;31:*.Z=01;31:*.dz=01;31:*.gz=01;31:*.lz=01;31:*.xz=01;31:*.bz2=01;31:*.bz=01;31:*.tbz=01;31:*.tbz2=01;31:*.tz=01;31:*.deb=01;31:*.rpm=01;31:*.jar=01;31:*.rar=01;31:*.ace=01;31:*.zoo=01;31:*.cpio=01;31:*.7z=01;31:*.rz=01;31:*.jpg=01;35:*.jpeg=01;35:*.gif=01;35:*.bmp=01;35:*.pbm=01;35:*.pgm=01;35:*.ppm=01;35:*.tga=01;35:*.xbm=01;35:*.xpm=01;35:*.tif=01;35:*.tiff=01;35:*.png=01;35:*.svg=01;35:*.svgz=01;35:*.mng=01;35:*.pcx=01;35:*.mov=01;35:*.mpg=01;35:*.mpeg=01;35:*.m2v=01;35:*.mkv=01;35:*.ogm=01;35:*.mp4=01;35:*.m4v=01;35:*.mp4v=01;35:*.vob=01;35:*.qt=01;35:*.nuv=01;35:*.wmv=01;35:*.asf=01;35:*.rm=01;35:*.rmvb=01;35:*.flc=01;35:*.avi=01;35:*.fli=01;35:*.flv=01;35:*.gl=01;35:*.dl=01;35:*.xcf=01;35:*.xwd=01;35:*.yuv=01;35:*.cgm=01;35:*.emf=01;35:*.axv=01;35:*.anx=01;35:*.ogv=01;35:*.ogx=01;35:*.aac=00;36:*.au=00;36:*.flac=00;36:*.mid=00;36:*.midi=00;36:*.mka=00;36:*.mp3=00;36:*.mpc=00;36:*.ogg=00;36:*.ra=00;36:*.wav=00;36:*.axa=00;36:*.oga=00;36:*.spx=00;36:*.xspf=00;36:
REMOTE_HOST=
HTTP_ACCEPT_ENCODING=gzip,deflate,sdch
PATH_INFO=/
[DEBUG] 16/Mar/2012:22:10:03 -0600 - M:applogs, P:12761, T:140732117321472, MSG:RUN_MAIN=true
HTTP_COOKIE=openid_provider=claimid; id_token=; sessionid=77013835fe861c6967e538a81547d734; csrftoken=2981ef7cb8d05bf7334249047a973b0a
SERVER_PROTOCOL=HTTP/1.1
SERVER_SOFTWARE=WSGIServer/0.1 Python/2.6.6
SCRIPT_NAME=
SSH_CLIENT=192.168.2.1 49507 22
REQUEST_METHOD=GET
LOGNAME=hdknr
USER=hdknr
HOME=/home/hdknr
QUERY_STRING=
PATH=/home/hdknr/ve/docs/bin:/home/hdknr/bin:/usr/local/bin:/usr/bin:/bin:/usr/local/games:/usr/games
PS1=(docs)${debian_chroot:+($debian_chroot)}\u@\h:\w\$ 
PORT=8900
GITHUB_API_TOKEN=d6806388fb414a08eb83584078d1470f
SSH_CONNECTION=192.168.2.1 54527 192.168.2.220 22
LANG=ja_JP.UTF-8
HTTP_ACCEPT_CHARSET=Shift_JIS,utf-8;q=0.7,*;q=0.3
TERM=screen
SHELL=/bin/bash
TZ=America/Chicago
SERVER_NAME=sqg.em.local
REMOTE_ADDR=192.168.2.1
SHLVL=2
CSRF_COOKIE=2981ef7cb8d05bf7334249047a973b0a
PWD=/home/hdknr/ve/docs/src/hdknr.github.com/src/django/app
wsgi.url_scheme=http
SERVER_PORT=8900
CONTENT_LENGTH=
GREP_COLOR=1;33
WORKON_HOME=/home/hdknr/ve
wsgi.file_wrapper=<class 'django.core.servers.basehttp.FileWrapper'>
DBROOT_PASSWD=hdknr
DBROOT_USER=root
VIRTUAL_ENV=/home/hdknr/ve/docs
TMUX=/var/run//tmux/tmux-1000/default,2130,1
GITHUB_API_USER=hdknr
wsgi.input=<socket._fileobject object at 0x167bbd0>
HTTP_USER_AGENT=Mozilla/5.0 (Macintosh; Intel Mac OS X 10_6_8) AppleWebKit/535.11 (KHTML, like Gecko) Chrome/17.0.963.79 Safari/535.11
HTTP_HOST=sqg:8900
wsgi.multithread=True
HTTP_CONNECTION=keep-alive
_=/home/hdknr/ve/docs/bin/python
VIRTUALENVWRAPPER_LOG_DIR=/home/hdknr/ve
HTTP_ACCEPT=*/*
GREP_OPTIONS=--color=auto -H -n
wsgi.version=(1, 0)
VIRTUALENVWRAPPER_HOOK_DIR=/home/hdknr/ve
GATEWAY_INTERFACE=CGI/1.1
wsgi.run_once=False
SSH_TTY=/dev/pts/0
OLDPWD=/home/hdknr/ve/docs/src/hdknr.github.com/src/django
wsgi.multiprocess=False
HTTP_ACCEPT_LANGUAGE=ja,en-US;q=0.8,en;q=0.6
wsgi.errors=<open file '<stderr>', mode 'w' at 0x7ffec1e941e0>
APP_LOGGER=sys
DJANGO_SETTINGS_MODULE=app.settings
CONTENT_TYPE=text/plain
MYSQL_ROOT_PWD=hdknr
MAIL=/var/mail/hdknr
LS_COLORS=rs=0:di=01;34:ln=01;36:mh=00:pi=40;33:so=01;35:do=01;35:bd=40;33;01:cd=40;33;01:or=40;31;01:su=37;41:sg=30;43:ca=30;41:tw=30;42:ow=34;42:st=37;44:ex=01;32:*.tar=01;31:*.tgz=01;31:*.arj=01;31:*.taz=01;31:*.lzh=01;31:*.lzma=01;31:*.tlz=01;31:*.txz=01;31:*.zip=01;31:*.z=01;31:*.Z=01;31:*.dz=01;31:*.gz=01;31:*.lz=01;31:*.xz=01;31:*.bz2=01;31:*.bz=01;31:*.tbz=01;31:*.tbz2=01;31:*.tz=01;31:*.deb=01;31:*.rpm=01;31:*.jar=01;31:*.rar=01;31:*.ace=01;31:*.zoo=01;31:*.cpio=01;31:*.7z=01;31:*.rz=01;31:*.jpg=01;35:*.jpeg=01;35:*.gif=01;35:*.bmp=01;35:*.pbm=01;35:*.pgm=01;35:*.ppm=01;35:*.tga=01;35:*.xbm=01;35:*.xpm=01;35:*.tif=01;35:*.tiff=01;35:*.png=01;35:*.svg=01;35:*.svgz=01;35:*.mng=01;35:*.pcx=01;35:*.mov=01;35:*.mpg=01;35:*.mpeg=01;35:*.m2v=01;35:*.mkv=01;35:*.ogm=01;35:*.mp4=01;35:*.m4v=01;35:*.mp4v=01;35:*.vob=01;35:*.qt=01;35:*.nuv=01;35:*.wmv=01;35:*.asf=01;35:*.rm=01;35:*.rmvb=01;35:*.flc=01;35:*.avi=01;35:*.fli=01;35:*.flv=01;35:*.gl=01;35:*.dl=01;35:*.xcf=01;35:*.xwd=01;35:*.yuv=01;35:*.cgm=01;35:*.emf=01;35:*.axv=01;35:*.anx=01;35:*.ogv=01;35:*.ogx=01;35:*.aac=00;36:*.au=00;36:*.flac=00;36:*.mid=00;36:*.midi=00;36:*.mka=00;36:*.mp3=00;36:*.mpc=00;36:*.ogg=00;36:*.ra=00;36:*.wav=00;36:*.axa=00;36:*.oga=00;36:*.spx=00;36:*.xspf=00;36:
REMOTE_HOST=
HTTP_ACCEPT_ENCODING=gzip,deflate,sdch
PATH_INFO=/favicon.ico
[DEBUG] 16/Mar/2012:22:10:05 -0600 - M:applogs, P:12761, T:140732117321472, MSG:RUN_MAIN=true
HTTP_COOKIE=openid_provider=claimid; id_token=; sessionid=77013835fe861c6967e538a81547d734; csrftoken=2981ef7cb8d05bf7334249047a973b0a
SERVER_PROTOCOL=HTTP/1.1
SERVER_SOFTWARE=WSGIServer/0.1 Python/2.6.6
SCRIPT_NAME=
SSH_CLIENT=192.168.2.1 49507 22
REQUEST_METHOD=GET
LOGNAME=hdknr
USER=hdknr
HOME=/home/hdknr
QUERY_STRING=logger=sys
PATH=/home/hdknr/ve/docs/bin:/home/hdknr/bin:/usr/local/bin:/usr/bin:/bin:/usr/local/games:/usr/games
PS1=(docs)${debian_chroot:+($debian_chroot)}\u@\h:\w\$ 
PORT=8900
GITHUB_API_TOKEN=d6806388fb414a08eb83584078d1470f
SSH_CONNECTION=192.168.2.1 54527 192.168.2.220 22
LANG=ja_JP.UTF-8
HTTP_ACCEPT_CHARSET=Shift_JIS,utf-8;q=0.7,*;q=0.3
TERM=screen
SHELL=/bin/bash
TZ=America/Chicago
SERVER_NAME=sqg.em.local
REMOTE_ADDR=192.168.2.1
SHLVL=2
CSRF_COOKIE=2981ef7cb8d05bf7334249047a973b0a
PWD=/home/hdknr/ve/docs/src/hdknr.github.com/src/django/app
wsgi.url_scheme=http
SERVER_PORT=8900
CONTENT_LENGTH=
GREP_COLOR=1;33
WORKON_HOME=/home/hdknr/ve
wsgi.file_wrapper=<class 'django.core.servers.basehttp.FileWrapper'>
DBROOT_PASSWD=hdknr
DBROOT_USER=root
VIRTUAL_ENV=/home/hdknr/ve/docs
TMUX=/var/run//tmux/tmux-1000/default,2130,1
GITHUB_API_USER=hdknr
wsgi.input=<socket._fileobject object at 0x167bc50>
HTTP_USER_AGENT=Mozilla/5.0 (Macintosh; Intel Mac OS X 10_6_8) AppleWebKit/535.11 (KHTML, like Gecko) Chrome/17.0.963.79 Safari/535.11
HTTP_HOST=sqg:8900
wsgi.multithread=True
HTTP_CONNECTION=keep-alive
HTTP_CACHE_CONTROL=max-age=0
_=/home/hdknr/ve/docs/bin/python
VIRTUALENVWRAPPER_LOG_DIR=/home/hdknr/ve
HTTP_ACCEPT=text/html,application/xhtml+xml,application/xml;q=0.9,*/*;q=0.8
GREP_OPTIONS=--color=auto -H -n
wsgi.version=(1, 0)
VIRTUALENVWRAPPER_HOOK_DIR=/home/hdknr/ve
GATEWAY_INTERFACE=CGI/1.1
wsgi.run_once=False
SSH_TTY=/dev/pts/0
OLDPWD=/home/hdknr/ve/docs/src/hdknr.github.com/src/django
wsgi.multiprocess=False
HTTP_ACCEPT_LANGUAGE=ja,en-US;q=0.8,en;q=0.6
wsgi.errors=<open file '<stderr>', mode 'w' at 0x7ffec1e941e0>
APP_LOGGER=sys
DJANGO_SETTINGS_MODULE=app.settings
CONTENT_TYPE=text/plain
MYSQL_ROOT_PWD=hdknr
MAIL=/var/mail/hdknr
LS_COLORS=rs=0:di=01;34:ln=01;36:mh=00:pi=40;33:so=01;35:do=01;35:bd=40;33;01:cd=40;33;01:or=40;31;01:su=37;41:sg=30;43:ca=30;41:tw=30;42:ow=34;42:st=37;44:ex=01;32:*.tar=01;31:*.tgz=01;31:*.arj=01;31:*.taz=01;31:*.lzh=01;31:*.lzma=01;31:*.tlz=01;31:*.txz=01;31:*.zip=01;31:*.z=01;31:*.Z=01;31:*.dz=01;31:*.gz=01;31:*.lz=01;31:*.xz=01;31:*.bz2=01;31:*.bz=01;31:*.tbz=01;31:*.tbz2=01;31:*.tz=01;31:*.deb=01;31:*.rpm=01;31:*.jar=01;31:*.rar=01;31:*.ace=01;31:*.zoo=01;31:*.cpio=01;31:*.7z=01;31:*.rz=01;31:*.jpg=01;35:*.jpeg=01;35:*.gif=01;35:*.bmp=01;35:*.pbm=01;35:*.pgm=01;35:*.ppm=01;35:*.tga=01;35:*.xbm=01;35:*.xpm=01;35:*.tif=01;35:*.tiff=01;35:*.png=01;35:*.svg=01;35:*.svgz=01;35:*.mng=01;35:*.pcx=01;35:*.mov=01;35:*.mpg=01;35:*.mpeg=01;35:*.m2v=01;35:*.mkv=01;35:*.ogm=01;35:*.mp4=01;35:*.m4v=01;35:*.mp4v=01;35:*.vob=01;35:*.qt=01;35:*.nuv=01;35:*.wmv=01;35:*.asf=01;35:*.rm=01;35:*.rmvb=01;35:*.flc=01;35:*.avi=01;35:*.fli=01;35:*.flv=01;35:*.gl=01;35:*.dl=01;35:*.xcf=01;35:*.xwd=01;35:*.yuv=01;35:*.cgm=01;35:*.emf=01;35:*.axv=01;35:*.anx=01;35:*.ogv=01;35:*.ogx=01;35:*.aac=00;36:*.au=00;36:*.flac=00;36:*.mid=00;36:*.midi=00;36:*.mka=00;36:*.mp3=00;36:*.mpc=00;36:*.ogg=00;36:*.ra=00;36:*.wav=00;36:*.axa=00;36:*.oga=00;36:*.spx=00;36:*.xspf=00;36:
REMOTE_HOST=
HTTP_ACCEPT_ENCODING=gzip,deflate,sdch
PATH_INFO=/
[DEBUG] 16/Mar/2012:22:10:05 -0600 - M:applogs, P:12761, T:140732117321472, MSG:RUN_MAIN=true
HTTP_COOKIE=openid_provider=claimid; id_token=; sessionid=77013835fe861c6967e538a81547d734; csrftoken=2981ef7cb8d05bf7334249047a973b0a
SERVER_PROTOCOL=HTTP/1.1
SERVER_SOFTWARE=WSGIServer/0.1 Python/2.6.6
SCRIPT_NAME=
SSH_CLIENT=192.168.2.1 49507 22
REQUEST_METHOD=GET
LOGNAME=hdknr
USER=hdknr
HOME=/home/hdknr
QUERY_STRING=
PATH=/home/hdknr/ve/docs/bin:/home/hdknr/bin:/usr/local/bin:/usr/bin:/bin:/usr/local/games:/usr/games
PS1=(docs)${debian_chroot:+($debian_chroot)}\u@\h:\w\$ 
PORT=8900
GITHUB_API_TOKEN=d6806388fb414a08eb83584078d1470f
SSH_CONNECTION=192.168.2.1 54527 192.168.2.220 22
LANG=ja_JP.UTF-8
HTTP_ACCEPT_CHARSET=Shift_JIS,utf-8;q=0.7,*;q=0.3
TERM=screen
SHELL=/bin/bash
TZ=America/Chicago
SERVER_NAME=sqg.em.local
REMOTE_ADDR=192.168.2.1
SHLVL=2
CSRF_COOKIE=2981ef7cb8d05bf7334249047a973b0a
PWD=/home/hdknr/ve/docs/src/hdknr.github.com/src/django/app
wsgi.url_scheme=http
SERVER_PORT=8900
CONTENT_LENGTH=
GREP_COLOR=1;33
WORKON_HOME=/home/hdknr/ve
wsgi.file_wrapper=<class 'django.core.servers.basehttp.FileWrapper'>
DBROOT_PASSWD=hdknr
DBROOT_USER=root
VIRTUAL_ENV=/home/hdknr/ve/docs
TMUX=/var/run//tmux/tmux-1000/default,2130,1
GITHUB_API_USER=hdknr
wsgi.input=<socket._fileobject object at 0x167bcd0>
HTTP_USER_AGENT=Mozilla/5.0 (Macintosh; Intel Mac OS X 10_6_8) AppleWebKit/535.11 (KHTML, like Gecko) Chrome/17.0.963.79 Safari/535.11
HTTP_HOST=sqg:8900
wsgi.multithread=True
HTTP_CONNECTION=keep-alive
_=/home/hdknr/ve/docs/bin/python
VIRTUALENVWRAPPER_LOG_DIR=/home/hdknr/ve
HTTP_ACCEPT=*/*
GREP_OPTIONS=--color=auto -H -n
wsgi.version=(1, 0)
VIRTUALENVWRAPPER_HOOK_DIR=/home/hdknr/ve
GATEWAY_INTERFACE=CGI/1.1
wsgi.run_once=False
SSH_TTY=/dev/pts/0
OLDPWD=/home/hdknr/ve/docs/src/hdknr.github.com/src/django
wsgi.multiprocess=False
HTTP_ACCEPT_LANGUAGE=ja,en-US;q=0.8,en;q=0.6
wsgi.errors=<open file '<stderr>', mode 'w' at 0x7ffec1e941e0>
APP_LOGGER=sys
DJANGO_SETTINGS_MODULE=app.settings
CONTENT_TYPE=text/plain
MYSQL_ROOT_PWD=hdknr
MAIL=/var/mail/hdknr
LS_COLORS=rs=0:di=01;34:ln=01;36:mh=00:pi=40;33:so=01;35:do=01;35:bd=40;33;01:cd=40;33;01:or=40;31;01:su=37;41:sg=30;43:ca=30;41:tw=30;42:ow=34;42:st=37;44:ex=01;32:*.tar=01;31:*.tgz=01;31:*.arj=01;31:*.taz=01;31:*.lzh=01;31:*.lzma=01;31:*.tlz=01;31:*.txz=01;31:*.zip=01;31:*.z=01;31:*.Z=01;31:*.dz=01;31:*.gz=01;31:*.lz=01;31:*.xz=01;31:*.bz2=01;31:*.bz=01;31:*.tbz=01;31:*.tbz2=01;31:*.tz=01;31:*.deb=01;31:*.rpm=01;31:*.jar=01;31:*.rar=01;31:*.ace=01;31:*.zoo=01;31:*.cpio=01;31:*.7z=01;31:*.rz=01;31:*.jpg=01;35:*.jpeg=01;35:*.gif=01;35:*.bmp=01;35:*.pbm=01;35:*.pgm=01;35:*.ppm=01;35:*.tga=01;35:*.xbm=01;35:*.xpm=01;35:*.tif=01;35:*.tiff=01;35:*.png=01;35:*.svg=01;35:*.svgz=01;35:*.mng=01;35:*.pcx=01;35:*.mov=01;35:*.mpg=01;35:*.mpeg=01;35:*.m2v=01;35:*.mkv=01;35:*.ogm=01;35:*.mp4=01;35:*.m4v=01;35:*.mp4v=01;35:*.vob=01;35:*.qt=01;35:*.nuv=01;35:*.wmv=01;35:*.asf=01;35:*.rm=01;35:*.rmvb=01;35:*.flc=01;35:*.avi=01;35:*.fli=01;35:*.flv=01;35:*.gl=01;35:*.dl=01;35:*.xcf=01;35:*.xwd=01;35:*.yuv=01;35:*.cgm=01;35:*.emf=01;35:*.axv=01;35:*.anx=01;35:*.ogv=01;35:*.ogx=01;35:*.aac=00;36:*.au=00;36:*.flac=00;36:*.mid=00;36:*.midi=00;36:*.mka=00;36:*.mp3=00;36:*.mpc=00;36:*.ogg=00;36:*.ra=00;36:*.wav=00;36:*.axa=00;36:*.oga=00;36:*.spx=00;36:*.xspf=00;36:
REMOTE_HOST=
HTTP_ACCEPT_ENCODING=gzip,deflate,sdch
PATH_INFO=/favicon.ico
